[2026-05-28 10:22:24] INFO    imf_bls.table5@letter | =================================================================
[2026-05-28 10:22:24] INFO    imf_bls.table5@letter | Reproducing paper Table 5 | dataset=letter
[2026-05-28 10:22:24] INFO    imf_bls.table5@letter | =================================================================
[2026-05-28 10:22:26] INFO    imf_bls.table5@letter | Train=16000, Test=4000, classes=26, batches=5
[2026-05-28 10:22:26] INFO    imf_bls.table5@letter |   Non-Incremental BLS    | final acc = 0.9643 | total = 0.6931s
[2026-05-28 10:22:35] INFO    imf_bls.table5@letter |   Incremental BLS        | final acc = 0.0510 | total = 8.0815s
[2026-05-28 10:22:40] INFO    imf_bls.table5@letter |   TiBLS                  | final acc = 0.9643 | total = 4.5738s
[2026-05-28 10:22:42] INFO    imf_bls.table5@letter |   Approximation Method   | final acc = 0.9327 | total = 2.4707s
[2026-05-28 10:22:44] INFO    imf_bls.table5@letter |   RI-BLS                 | final acc = 0.9643 | total = 1.3743s
[2026-05-28 10:22:52] INFO    imf_bls.table5@letter |   IMF-BLS (Ours)         | final acc = 0.9643 | total = 7.2718s
[2026-05-28 10:35:24] INFO    imf_bls.table5@letter | =================================================================
[2026-05-28 10:35:24] INFO    imf_bls.table5@letter | Reproducing paper Table 5 | dataset=letter
[2026-05-28 10:35:24] INFO    imf_bls.table5@letter | =================================================================
[2026-05-28 10:35:24] INFO    imf_bls.table5@letter | Train=16000, Test=4000, classes=26, batches=5
[2026-05-28 10:35:25] INFO    imf_bls.table5@letter |   Non-Incremental BLS    | final acc = 0.9643 | total = 0.7262s
[2026-05-28 10:35:33] INFO    imf_bls.table5@letter |   Incremental BLS        | final acc = 0.0510 | total = 8.1030s
[2026-05-28 10:35:38] INFO    imf_bls.table5@letter |   TiBLS                  | final acc = 0.9643 | total = 4.5875s
[2026-05-28 10:35:41] INFO    imf_bls.table5@letter |   Approximation Method   | final acc = 0.9327 | total = 2.5404s
[2026-05-28 10:35:43] INFO    imf_bls.table5@letter |   RI-BLS                 | final acc = 0.9643 | total = 1.4493s
[2026-05-28 10:35:50] INFO    imf_bls.table5@letter |   IMF-BLS (Ours)         | final acc = 0.9643 | total = 7.3268s
